<?xml version="1.0" encoding="UTF-8"?>
<!-- Generated by org.testng.reporters.JUnitXMLReporter -->
<testsuite ignored="0" hostname="DESKTOP-KDKJ11Q" failures="0" tests="4" name="Default test" time="23.063" errors="0" timestamp="2022-02-21T16:59:28 PST">
  <testcase classname="com.tests.simpleCRUDWithTechaechApp.AddUserDataTest" name="createuserWithPojo" time="2.996"/>
  <testcase classname="com.tests.simpleCRUDWithTechaechApp.GetUserTest" name="getUser" time="7.007"/>
  <testcase classname="com.tests.simpleCRUDWithTechaechApp.UpdateUserDataTest" name="updateUserWithPojo" time="6.861"/>
  <testcase classname="com.test.tests.TecharchApiTestScript" name="callAllTheTest" time="6.156"/>
</testsuite> <!-- Default test -->
